#
# There is insufficient memory for the Java Runtime Environment to continue.
# Native memory allocation (malloc) failed to allocate 350464 bytes for Chunk::new
# Possible reasons:
#   The system is out of physical RAM or swap space
#   In 32 bit mode, the process size limit was hit
# Possible solutions:
#   Reduce memory load on the system
#   Increase physical memory or swap space
#   Check if swap backing store is full
#   Use 64 bit Java on a 64 bit OS
#   Decrease Java heap size (-Xmx/-Xms)
#   Decrease number of Java threads
#   Decrease Java thread stack sizes (-Xss)
#   Set larger code cache with -XX:ReservedCodeCacheSize=
# This output file may be truncated or incomplete.
#
#  Out of Memory Error (allocation.cpp:390), pid=13600, tid=0x0000000000003b08
#
# JRE version: Java(TM) SE Runtime Environment (8.0_191-b12) (build 1.8.0_191-b12)
# Java VM: Java HotSpot(TM) 64-Bit Server VM (25.191-b12 mixed mode windows-amd64 compressed oops)
# Failed to write core dump. Minidumps are not enabled by default on client versions of Windows
#

---------------  T H R E A D  ---------------

Current thread (0x0000000019760800):  JavaThread "C2 CompilerThread0" daemon [_thread_in_native, id=15112, stack(0x0000000019f50000,0x000000001a050000)]

Stack: [0x0000000019f50000,0x000000001a050000]
[error occurred during error reporting (printing stack bounds), id 0xc0000005]

Native frames: (J=compiled Java code, j=interpreted, Vv=VM code, C=native code)


Current CompileTask:
C2: 179035 6192       4       org.springframework.boot.devtools.filewatch.DirectorySnapshot::collectFiles (99 bytes)


---------------  P R O C E S S  ---------------

Java Threads: ( => current thread )
  0x0000000020ab7800 JavaThread "DestroyJavaVM" [_thread_blocked, id=4804, stack(0x0000000002de0000,0x0000000002ee0000)]
  0x0000000020ab5800 JavaThread "http-nio-8081-Acceptor" daemon [_thread_in_native, id=13848, stack(0x0000000023230000,0x0000000023330000)]
  0x0000000020ab1000 JavaThread "http-nio-8081-ClientPoller" daemon [_thread_in_native, id=10404, stack(0x0000000023130000,0x0000000023230000)]
  0x0000000020aae000 JavaThread "http-nio-8081-exec-10" daemon [_thread_blocked, id=12328, stack(0x0000000023030000,0x0000000023130000)]
  0x0000000020ab4800 JavaThread "http-nio-8081-exec-9" daemon [_thread_blocked, id=15108, stack(0x0000000022f30000,0x0000000023030000)]
  0x0000000020aaf800 JavaThread "http-nio-8081-exec-8" daemon [_thread_blocked, id=5092, stack(0x0000000022e30000,0x0000000022f30000)]
  0x0000000020ab4000 JavaThread "http-nio-8081-exec-7" daemon [_thread_blocked, id=1204, stack(0x0000000022d30000,0x0000000022e30000)]
  0x0000000020aac800 JavaThread "http-nio-8081-exec-6" daemon [_thread_blocked, id=2444, stack(0x0000000022c30000,0x0000000022d30000)]
  0x0000000020ab0000 JavaThread "http-nio-8081-exec-5" daemon [_thread_blocked, id=10388, stack(0x0000000022b30000,0x0000000022c30000)]
  0x0000000020aad000 JavaThread "http-nio-8081-exec-4" daemon [_thread_blocked, id=1568, stack(0x0000000022a30000,0x0000000022b30000)]
  0x0000000020ab1800 JavaThread "http-nio-8081-exec-3" daemon [_thread_blocked, id=8764, stack(0x0000000022930000,0x0000000022a30000)]
  0x0000000020ab2800 JavaThread "http-nio-8081-exec-2" daemon [_thread_blocked, id=200, stack(0x0000000022830000,0x0000000022930000)]
  0x0000000020ab3000 JavaThread "http-nio-8081-exec-1" daemon [_thread_blocked, id=3972, stack(0x0000000022730000,0x0000000022830000)]
  0x000000001c796800 JavaThread "http-nio-8081-BlockPoller" daemon [_thread_in_native, id=2440, stack(0x00000000220b0000,0x00000000221b0000)]
  0x000000001c798000 JavaThread "Live Reload Server" daemon [_thread_in_native, id=14788, stack(0x0000000022630000,0x0000000022730000)]
  0x000000001c799000 JavaThread "File Watcher" daemon [_thread_blocked, id=12908, stack(0x0000000021b80000,0x0000000021c80000)]
  0x000000001c797800 JavaThread "container-0" [_thread_blocked, id=13744, stack(0x0000000021780000,0x0000000021880000)]
  0x000000001c794800 JavaThread "Catalina-utility-2" [_thread_blocked, id=14988, stack(0x0000000021680000,0x0000000021780000)]
  0x000000001c793800 JavaThread "Catalina-utility-1" [_thread_blocked, id=2460, stack(0x0000000020050000,0x0000000020150000)]
  0x000000001c793000 JavaThread "HikariPool-1 housekeeper" daemon [_thread_blocked, id=14212, stack(0x000000001b790000,0x000000001b890000)]
  0x00000000197e5800 JavaThread "Service Thread" daemon [_thread_blocked, id=11172, stack(0x000000001a250000,0x000000001a350000)]
  0x0000000019762800 JavaThread "C1 CompilerThread2" daemon [_thread_blocked, id=1304, stack(0x000000001a150000,0x000000001a250000)]
  0x0000000019761000 JavaThread "C2 CompilerThread1" daemon [_thread_blocked, id=11044, stack(0x000000001a050000,0x000000001a150000)]
=>0x0000000019760800 JavaThread "C2 CompilerThread0" daemon [_thread_in_native, id=15112, stack(0x0000000019f50000,0x000000001a050000)]
  0x000000001975c000 JavaThread "Monitor Ctrl-Break" daemon [_thread_in_native, id=10976, stack(0x0000000019e50000,0x0000000019f50000)]
  0x0000000017bbd800 JavaThread "Attach Listener" daemon [_thread_blocked, id=12284, stack(0x0000000019150000,0x0000000019250000)]
  0x0000000017bbc800 JavaThread "Signal Dispatcher" daemon [_thread_blocked, id=1164, stack(0x0000000019050000,0x0000000019150000)]
  0x0000000002fdc800 JavaThread "Finalizer" daemon [_thread_blocked, id=14676, stack(0x0000000018e20000,0x0000000018f20000)]
  0x0000000017b9a800 JavaThread "Reference Handler" daemon [_thread_blocked, id=7856, stack(0x0000000018d20000,0x0000000018e20000)]

Other Threads:
  0x0000000017b79000 VMThread [stack: 0x0000000018c20000,0x0000000018d20000] [id=5008]
  0x00000000198aa800 WatcherThread [stack: 0x000000001a4c0000,0x000000001a5c0000] [id=12352]

VM state:not at safepoint (normal execution)

VM Mutex/Monitor currently owned by a thread: None

Heap:
 PSYoungGen      total 360448K, used 113211K [0x00000000d6100000, 0x00000000ed400000, 0x0000000100000000)
  eden space 343040K, 33% used [0x00000000d6100000,0x00000000dcf8ec30,0x00000000eb000000)
  from space 17408K, 0% used [0x00000000ec300000,0x00000000ec300000,0x00000000ed400000)
  to   space 18432K, 0% used [0x00000000eb000000,0x00000000eb000000,0x00000000ec200000)
 ParOldGen       total 81920K, used 20522K [0x0000000082200000, 0x0000000087200000, 0x00000000d6100000)
  object space 81920K, 25% used [0x0000000082200000,0x000000008360aa48,0x0000000087200000)
 Metaspace       used 58134K, capacity 61458K, committed 61608K, reserved 1101824K
  class space    used 7800K, capacity 8357K, committed 8360K, reserved 1048576K

Card table byte_map: [0x00000000124a0000,0x0000000012890000] byte_map_base: 0x000000001208f000

Marking Bits: (ParMarkBitMap*) 0x000000005deb3e30
 Begin Bits: [0x0000000012f30000, 0x0000000014ea8000)
 End Bits:   [0x0000000014ea8000, 0x0000000016e20000)

Polling page: 0x0000000001390000

CodeCache: size=245760Kb used=16236Kb max_used=16247Kb free=229523Kb
 bounds [0x00000000030e0000, 0x00000000040e0000, 0x00000000120e0000]
 total_blobs=5972 nmethods=5419 adapters=464
 compilation: enabled

Compilation events (10 events):
Event: 160.761 Thread 0x0000000019762800 nmethod 6187 0x00000000040cb950 code [0x00000000040cbae0, 0x00000000040cbd48]
Event: 164.720 Thread 0x0000000019760800 6188       4       java.util.concurrent.locks.ReentrantLock$Sync::tryRelease (45 bytes)
Event: 164.722 Thread 0x0000000019760800 nmethod 6188 0x0000000003260ad0 code [0x0000000003260c00, 0x0000000003260cb8]
Event: 166.795 Thread 0x0000000019761000 6189       4       java.util.Collections$UnmodifiableCollection::iterator (9 bytes)
Event: 166.796 Thread 0x0000000019761000 nmethod 6189 0x00000000040cd2d0 code [0x00000000040cd420, 0x00000000040cd538]
Event: 174.692 Thread 0x0000000019761000 6190       4       java.io.File::listFiles (52 bytes)
Event: 174.700 Thread 0x0000000019761000 nmethod 6190 0x00000000040cc850 code [0x00000000040cc9e0, 0x00000000040cced8]
Event: 178.706 Thread 0x0000000019762800 6191       3       java.util.concurrent.locks.AbstractQueuedSynchronizer$ConditionObject::doSignal (43 bytes)
Event: 178.707 Thread 0x0000000019762800 nmethod 6191 0x00000000040cc250 code [0x00000000040cc3c0, 0x00000000040cc748]
Event: 178.965 Thread 0x0000000019760800 6192       4       org.springframework.boot.devtools.filewatch.DirectorySnapshot::collectFiles (99 bytes)

GC Heap History (10 events):
Event: 11.451 GC heap before
{Heap before GC invocations=9 (full 1):
 PSYoungGen      total 141312K, used 123636K [0x00000000d6100000, 0x00000000e6600000, 0x0000000100000000)
  eden space 131072K, 86% used [0x00000000d6100000,0x00000000dcfbe7a8,0x00000000de100000)
  from space 10240K, 99% used [0x00000000de100000,0x00000000deafebb0,0x00000000deb00000)
  to   space 12800K, 0% used [0x00000000e5980000,0x00000000e5980000,0x00000000e6600000)
 ParOldGen       total 47616K, used 8212K [0x0000000082200000, 0x0000000085080000, 0x00000000d6100000)
  object space 47616K, 17% used [0x0000000082200000,0x0000000082a05320,0x0000000085080000)
 Metaspace       used 33656K, capacity 35396K, committed 35496K, reserved 1081344K
  class space    used 4194K, capacity 4486K, committed 4520K, reserved 1048576K
Event: 11.464 GC heap after
Heap after GC invocations=9 (full 1):
 PSYoungGen      total 247808K, used 10136K [0x00000000d6100000, 0x00000000e6380000, 0x0000000100000000)
  eden space 237568K, 0% used [0x00000000d6100000,0x00000000d6100000,0x00000000e4900000)
  from space 10240K, 98% used [0x00000000e5980000,0x00000000e63663a0,0x00000000e6380000)
  to   space 13312K, 0% used [0x00000000e4980000,0x00000000e4980000,0x00000000e5680000)
 ParOldGen       total 47616K, used 8220K [0x0000000082200000, 0x0000000085080000, 0x00000000d6100000)
  object space 47616K, 17% used [0x0000000082200000,0x0000000082a07320,0x0000000085080000)
 Metaspace       used 33656K, capacity 35396K, committed 35496K, reserved 1081344K
  class space    used 4194K, capacity 4486K, committed 4520K, reserved 1048576K
}
Event: 11.464 GC heap before
{Heap before GC invocations=10 (full 2):
 PSYoungGen      total 247808K, used 10136K [0x00000000d6100000, 0x00000000e6380000, 0x0000000100000000)
  eden space 237568K, 0% used [0x00000000d6100000,0x00000000d6100000,0x00000000e4900000)
  from space 10240K, 98% used [0x00000000e5980000,0x00000000e63663a0,0x00000000e6380000)
  to   space 13312K, 0% used [0x00000000e4980000,0x00000000e4980000,0x00000000e5680000)
 ParOldGen       total 47616K, used 8220K [0x0000000082200000, 0x0000000085080000, 0x00000000d6100000)
  object space 47616K, 17% used [0x0000000082200000,0x0000000082a07320,0x0000000085080000)
 Metaspace       used 33656K, capacity 35396K, committed 35496K, reserved 1081344K
  class space    used 4194K, capacity 4486K, committed 4520K, reserved 1048576K
Event: 11.527 GC heap after
Heap after GC invocations=10 (full 2):
 PSYoungGen      total 247808K, used 0K [0x00000000d6100000, 0x00000000e6380000, 0x0000000100000000)
  eden space 237568K, 0% used [0x00000000d6100000,0x00000000d6100000,0x00000000e4900000)
  from space 10240K, 0% used [0x00000000e5980000,0x00000000e5980000,0x00000000e6380000)
  to   space 13312K, 0% used [0x00000000e4980000,0x00000000e4980000,0x00000000e5680000)
 ParOldGen       total 63488K, used 15132K [0x0000000082200000, 0x0000000086000000, 0x00000000d6100000)
  object space 63488K, 23% used [0x0000000082200000,0x00000000830c7250,0x0000000086000000)
 Metaspace       used 33656K, capacity 35396K, committed 35496K, reserved 1081344K
  class space    used 4194K, capacity 4486K, committed 4520K, reserved 1048576K
}
Event: 17.216 GC heap before
{Heap before GC invocations=11 (full 2):
 PSYoungGen      total 247808K, used 237568K [0x00000000d6100000, 0x00000000e6380000, 0x0000000100000000)
  eden space 237568K, 100% used [0x00000000d6100000,0x00000000e4900000,0x00000000e4900000)
  from space 10240K, 0% used [0x00000000e5980000,0x00000000e5980000,0x00000000e6380000)
  to   space 13312K, 0% used [0x00000000e4980000,0x00000000e4980000,0x00000000e5680000)
 ParOldGen       total 63488K, used 15132K [0x0000000082200000, 0x0000000086000000, 0x00000000d6100000)
  object space 63488K, 23% used [0x0000000082200000,0x00000000830c7250,0x0000000086000000)
 Metaspace       used 53733K, capacity 56340K, committed 56616K, reserved 1097728K
  class space    used 7223K, capacity 7662K, committed 7720K, reserved 1048576K
Event: 17.243 GC heap after
Heap after GC invocations=11 (full 2):
 PSYoungGen      total 251392K, used 13310K [0x00000000d6100000, 0x00000000ed580000, 0x0000000100000000)
  eden space 238080K, 0% used [0x00000000d6100000,0x00000000d6100000,0x00000000e4980000)
  from space 13312K, 99% used [0x00000000e4980000,0x00000000e567f800,0x00000000e5680000)
  to   space 18944K, 0% used [0x00000000ec300000,0x00000000ec300000,0x00000000ed580000)
 ParOldGen       total 63488K, used 24235K [0x0000000082200000, 0x0000000086000000, 0x00000000d6100000)
  object space 63488K, 38% used [0x0000000082200000,0x00000000839aac08,0x0000000086000000)
 Metaspace       used 53733K, capacity 56340K, committed 56616K, reserved 1097728K
  class space    used 7223K, capacity 7662K, committed 7720K, reserved 1048576K
}
Event: 18.458 GC heap before
{Heap before GC invocations=12 (full 2):
 PSYoungGen      total 251392K, used 46258K [0x00000000d6100000, 0x00000000ed580000, 0x0000000100000000)
  eden space 238080K, 13% used [0x00000000d6100000,0x00000000d812d000,0x00000000e4980000)
  from space 13312K, 99% used [0x00000000e4980000,0x00000000e567f800,0x00000000e5680000)
  to   space 18944K, 0% used [0x00000000ec300000,0x00000000ec300000,0x00000000ed580000)
 ParOldGen       total 63488K, used 24235K [0x0000000082200000, 0x0000000086000000, 0x00000000d6100000)
  object space 63488K, 38% used [0x0000000082200000,0x00000000839aac08,0x0000000086000000)
 Metaspace       used 56015K, capacity 59076K, committed 59160K, reserved 1099776K
  class space    used 7522K, capacity 8020K, committed 8104K, reserved 1048576K
Event: 18.493 GC heap after
Heap after GC invocations=12 (full 2):
 PSYoungGen      total 360448K, used 9693K [0x00000000d6100000, 0x00000000ed400000, 0x0000000100000000)
  eden space 343040K, 0% used [0x00000000d6100000,0x00000000d6100000,0x00000000eb000000)
  from space 17408K, 55% used [0x00000000ec300000,0x00000000ecc775f0,0x00000000ed400000)
  to   space 18432K, 0% used [0x00000000eb000000,0x00000000eb000000,0x00000000ec200000)
 ParOldGen       total 63488K, used 24243K [0x0000000082200000, 0x0000000086000000, 0x00000000d6100000)
  object space 63488K, 38% used [0x0000000082200000,0x00000000839acc08,0x0000000086000000)
 Metaspace       used 56015K, capacity 59076K, committed 59160K, reserved 1099776K
  class space    used 7522K, capacity 8020K, committed 8104K, reserved 1048576K
}
Event: 18.493 GC heap before
{Heap before GC invocations=13 (full 3):
 PSYoungGen      total 360448K, used 9693K [0x00000000d6100000, 0x00000000ed400000, 0x0000000100000000)
  eden space 343040K, 0% used [0x00000000d6100000,0x00000000d6100000,0x00000000eb000000)
  from space 17408K, 55% used [0x00000000ec300000,0x00000000ecc775f0,0x00000000ed400000)
  to   space 18432K, 0% used [0x00000000eb000000,0x00000000eb000000,0x00000000ec200000)
 ParOldGen       total 63488K, used 24243K [0x0000000082200000, 0x0000000086000000, 0x00000000d6100000)
  object space 63488K, 38% used [0x0000000082200000,0x00000000839acc08,0x0000000086000000)
 Metaspace       used 56015K, capacity 59076K, committed 59160K, reserved 1099776K
  class space    used 7522K, capacity 8020K, committed 8104K, reserved 1048576K
Event: 18.723 GC heap after
Heap after GC invocations=13 (full 3):
 PSYoungGen      total 360448K, used 0K [0x00000000d6100000, 0x00000000ed400000, 0x0000000100000000)
  eden space 343040K, 0% used [0x00000000d6100000,0x00000000d6100000,0x00000000eb000000)
  from space 17408K, 0% used [0x00000000ec300000,0x00000000ec300000,0x00000000ed400000)
  to   space 18432K, 0% used [0x00000000eb000000,0x00000000eb000000,0x00000000ec200000)
 ParOldGen       total 81920K, used 20522K [0x0000000082200000, 0x0000000087200000, 0x00000000d6100000)
  object space 81920K, 25% used [0x0000000082200000,0x000000008360aa48,0x0000000087200000)
 Metaspace       used 55974K, capacity 59010K, committed 59160K, reserved 1099776K
  class space    used 7516K, capacity 8009K, committed 8104K, reserved 1048576K
}

Deoptimization events (10 events):
Event: 16.054 Thread 0x000000001c795000 Uncommon trap: reason=unstable_if action=reinterpret pc=0x00000000032c6ab0 method=java.util.HashMap$HashIterator.<init>(Ljava/util/HashMap;)V @ 45
Event: 17.525 Thread 0x000000001a747000 Uncommon trap: reason=unstable_if action=reinterpret pc=0x000000000398ca74 method=org.springframework.core.ResolvableType.equals(Ljava/lang/Object;)Z @ 32
Event: 17.874 Thread 0x000000001a747000 Uncommon trap: reason=unstable_if action=reinterpret pc=0x0000000003bd9ff4 method=org.springframework.util.ConcurrentReferenceHashMap$Segment.restructureIfNecessary(Z)V @ 41
Event: 17.876 Thread 0x000000001a747000 Uncommon trap: reason=unstable_if action=reinterpret pc=0x000000000357768c method=org.springframework.util.ConcurrentReferenceHashMap$Segment.restructureIfNecessary(Z)V @ 41
Event: 19.723 Thread 0x000000001a747000 Uncommon trap: reason=unstable_if action=reinterpret pc=0x0000000003543d98 method=org.springframework.util.ConcurrentReferenceHashMap$Segment.clear()V @ 7
Event: 19.730 Thread 0x000000001a747000 Uncommon trap: reason=class_check action=maybe_recompile pc=0x000000000381da54 method=org.springframework.util.ConcurrentReferenceHashMap$ReferenceManager.pollForPurge()Lorg/springframework/util/ConcurrentReferenceHashMap$Reference; @ 7
Event: 19.730 Thread 0x000000001a747000 Uncommon trap: reason=class_check action=maybe_recompile pc=0x000000000381da54 method=org.springframework.util.ConcurrentReferenceHashMap$ReferenceManager.pollForPurge()Lorg/springframework/util/ConcurrentReferenceHashMap$Reference; @ 7
Event: 19.730 Thread 0x000000001a747000 Uncommon trap: reason=class_check action=maybe_recompile pc=0x000000000381da54 method=org.springframework.util.ConcurrentReferenceHashMap$ReferenceManager.pollForPurge()Lorg/springframework/util/ConcurrentReferenceHashMap$Reference; @ 7
Event: 19.730 Thread 0x000000001a747000 Uncommon trap: reason=class_check action=maybe_recompile pc=0x000000000381da54 method=org.springframework.util.ConcurrentReferenceHashMap$ReferenceManager.pollForPurge()Lorg/springframework/util/ConcurrentReferenceHashMap$Reference; @ 7
Event: 20.091 Thread 0x000000001a747000 Uncommon trap: reason=unstable_if action=reinterpret pc=0x00000000036ee25c method=java.util.LinkedHashMap.afterNodeInsertion(Z)V @ 18

Classes redefined (0 events):
No events

Internal exceptions (10 events):
Event: 19.892 Thread 0x000000001a747000 Exception <a 'java/lang/ClassNotFoundException': java/lang/ObjectCustomizer> (0x00000000d9d96f80) thrown at [C:\re\workspace\8-2-build-windows-amd64-cygwin\jdk8u191\11896\hotspot\src\share\vm\classfile\systemDictionary.cpp, line 210]
Event: 19.894 Thread 0x000000001a747000 Exception <a 'java/lang/ClassNotFoundException': com/dp/dpshopbackend/models/ScategoryCustomizer> (0x00000000d9db76d0) thrown at [C:\re\workspace\8-2-build-windows-amd64-cygwin\jdk8u191\11896\hotspot\src\share\vm\classfile\systemDictionary.cpp, line 210]
Event: 19.951 Thread 0x000000001a747000 Exception <a 'java/lang/ClassNotFoundException': java/lang/ObjectCustomizer> (0x00000000d9df6050) thrown at [C:\re\workspace\8-2-build-windows-amd64-cygwin\jdk8u191\11896\hotspot\src\share\vm\classfile\systemDictionary.cpp, line 210]
Event: 19.952 Thread 0x000000001a747000 Exception <a 'java/lang/ClassNotFoundException': com/dp/dpshopbackend/models/ArticleCustomizer> (0x00000000d9e15f50) thrown at [C:\re\workspace\8-2-build-windows-amd64-cygwin\jdk8u191\11896\hotspot\src\share\vm\classfile\systemDictionary.cpp, line 210]
Event: 19.998 Thread 0x000000001a747000 Exception <a 'java/lang/NoSuchMethodError': java.lang.Object.lambda$static$0(Lorg/hibernate/type/EntityType;Ljava/lang/Object;Lorg/hibernate/engine/spi/SharedSessionContractImplementor;Ljava/lang/Object;Ljava/lang/Boolean;)Ljava/lang/Object;> (0x00000000d
Event: 20.088 Thread 0x000000001a747000 Exception <a 'java/lang/ClassNotFoundException': java/lang/ObjectCustomizer> (0x00000000d9f51db0) thrown at [C:\re\workspace\8-2-build-windows-amd64-cygwin\jdk8u191\11896\hotspot\src\share\vm\classfile\systemDictionary.cpp, line 210]
Event: 20.089 Thread 0x000000001a747000 Exception <a 'java/lang/ClassNotFoundException': com/dp/dpshopbackend/models/FournisseurCustomizer> (0x00000000d9f72d88) thrown at [C:\re\workspace\8-2-build-windows-amd64-cygwin\jdk8u191\11896\hotspot\src\share\vm\classfile\systemDictionary.cpp, line 210
Event: 20.121 Thread 0x000000001a747000 Exception <a 'java/lang/ClassNotFoundException': java/lang/ObjectCustomizer> (0x00000000d9fece20) thrown at [C:\re\workspace\8-2-build-windows-amd64-cygwin\jdk8u191\11896\hotspot\src\share\vm\classfile\systemDictionary.cpp, line 210]
Event: 20.122 Thread 0x000000001a747000 Exception <a 'java/lang/ClassNotFoundException': com/dp/dpshopbackend/models/ClientCustomizer> (0x00000000da00c4e0) thrown at [C:\re\workspace\8-2-build-windows-amd64-cygwin\jdk8u191\11896\hotspot\src\share\vm\classfile\systemDictionary.cpp, line 210]
Event: 20.135 Thread 0x000000001a747000 Exception <a 'sun/nio/fs/WindowsException'> (0x00000000da03cbf0) thrown at [C:\re\workspace\8-2-build-windows-amd64-cygwin\jdk8u191\11896\hotspot\src\share\vm\prims\jni.cpp, line 709]

Events (10 events):
Event: 39.717 Thread 0x0000000019760800 flushing nmethod 0x0000000003a95550
Event: 39.717 Thread 0x0000000019760800 flushing nmethod 0x0000000003a966d0
Event: 39.717 Thread 0x0000000019760800 flushing nmethod 0x0000000003a9fd50
Event: 41.874 Thread 0x0000000019762800 flushing nmethod 0x0000000003d49d50
Event: 77.459 Executing VM operation: RevokeBias
Event: 77.460 Executing VM operation: RevokeBias done
Event: 77.460 Thread 0x000000001c795000 Thread exited: 0x000000001c795000
Event: 78.957 Executing VM operation: RevokeBias
Event: 78.957 Executing VM operation: RevokeBias done
Event: 78.957 Thread 0x0000000020ab8800 Thread exited: 0x0000000020ab8800


Dynamic libraries:
0x00007ff74ccc0000 - 0x00007ff74ccf7000 	C:\Program Files\Java\jdk1.8.0_191\bin\java.exe
0x00007ffc660b0000 - 0x00007ffc662a5000 	C:\WINDOWS\SYSTEM32\ntdll.dll
0x00007ffc65fb0000 - 0x00007ffc6606d000 	C:\WINDOWS\System32\KERNEL32.DLL
0x00007ffc63be0000 - 0x00007ffc63ea8000 	C:\WINDOWS\System32\KERNELBASE.dll
0x00007ffc64e20000 - 0x00007ffc64ecc000 	C:\WINDOWS\System32\ADVAPI32.dll
0x00007ffc654b0000 - 0x00007ffc6554e000 	C:\WINDOWS\System32\msvcrt.dll
0x00007ffc64ed0000 - 0x00007ffc64f6b000 	C:\WINDOWS\System32\sechost.dll
0x00007ffc650d0000 - 0x00007ffc651fb000 	C:\WINDOWS\System32\RPCRT4.dll
0x00007ffc65560000 - 0x00007ffc65700000 	C:\WINDOWS\System32\USER32.dll
0x00007ffc63bb0000 - 0x00007ffc63bd2000 	C:\WINDOWS\System32\win32u.dll
0x00007ffc64330000 - 0x00007ffc6435a000 	C:\WINDOWS\System32\GDI32.dll
0x00007ffc638d0000 - 0x00007ffc639db000 	C:\WINDOWS\System32\gdi32full.dll
0x00007ffc639e0000 - 0x00007ffc63a7d000 	C:\WINDOWS\System32\msvcp_win.dll
0x00007ffc64010000 - 0x00007ffc64110000 	C:\WINDOWS\System32\ucrtbase.dll
0x00007ffc4ca70000 - 0x00007ffc4cd0a000 	C:\WINDOWS\WinSxS\amd64_microsoft.windows.common-controls_6595b64144ccf1df_6.0.19041.844_none_ca00b6081b84eb1d\COMCTL32.dll
0x00007ffc64300000 - 0x00007ffc64330000 	C:\WINDOWS\System32\IMM32.DLL
0x000000005e490000 - 0x000000005e562000 	C:\Program Files\Java\jdk1.8.0_191\jre\bin\msvcr100.dll
0x000000005d690000 - 0x000000005df34000 	C:\Program Files\Java\jdk1.8.0_191\jre\bin\server\jvm.dll
0x00007ffc64290000 - 0x00007ffc64298000 	C:\WINDOWS\System32\PSAPI.DLL
0x00007ffc567d0000 - 0x00007ffc567d9000 	C:\WINDOWS\SYSTEM32\WSOCK32.dll
0x00007ffc65700000 - 0x00007ffc6576b000 	C:\WINDOWS\System32\WS2_32.dll
0x00007ffc4d9c0000 - 0x00007ffc4d9e7000 	C:\WINDOWS\SYSTEM32\WINMM.dll
0x00007ffc56120000 - 0x00007ffc5612a000 	C:\WINDOWS\SYSTEM32\VERSION.dll
0x000000005e480000 - 0x000000005e48f000 	C:\Program Files\Java\jdk1.8.0_191\jre\bin\verify.dll
0x000000005e450000 - 0x000000005e479000 	C:\Program Files\Java\jdk1.8.0_191\jre\bin\java.dll
0x000000005e3c0000 - 0x000000005e3e3000 	C:\Program Files\Java\jdk1.8.0_191\jre\bin\instrument.dll
0x000000005e430000 - 0x000000005e446000 	C:\Program Files\Java\jdk1.8.0_191\jre\bin\zip.dll
0x00007ffc65800000 - 0x00007ffc65f42000 	C:\WINDOWS\System32\SHELL32.dll
0x00007ffc61600000 - 0x00007ffc61d91000 	C:\WINDOWS\SYSTEM32\windows.storage.dll
0x00007ffc64850000 - 0x00007ffc64ba5000 	C:\WINDOWS\System32\combase.dll
0x00007ffc63120000 - 0x00007ffc6314c000 	C:\WINDOWS\SYSTEM32\Wldp.dll
0x00007ffc65200000 - 0x00007ffc652ae000 	C:\WINDOWS\System32\SHCORE.dll
0x00007ffc64110000 - 0x00007ffc64165000 	C:\WINDOWS\System32\shlwapi.dll
0x00007ffc63730000 - 0x00007ffc6374f000 	C:\WINDOWS\SYSTEM32\profapi.dll
0x00007ffc5b820000 - 0x00007ffc5b83a000 	C:\Users\Folio9470m\AppData\Local\JetBrains\Toolbox\apps\IDEA-C\ch-0\211.6693.111\bin\breakgen64.dll
0x000000005e410000 - 0x000000005e42a000 	C:\Program Files\Java\jdk1.8.0_191\jre\bin\net.dll
0x00007ffc62ea0000 - 0x00007ffc62f0a000 	C:\WINDOWS\system32\mswsock.dll
0x000000005e3b0000 - 0x000000005e3bd000 	C:\Program Files\Java\jdk1.8.0_191\jre\bin\management.dll
0x00007ffc5d340000 - 0x00007ffc5d357000 	C:\WINDOWS\system32\napinsp.dll
0x00007ffc5d320000 - 0x00007ffc5d33b000 	C:\WINDOWS\system32\pnrpnsp.dll
0x00007ffc5dab0000 - 0x00007ffc5dac5000 	C:\WINDOWS\system32\wshbth.dll
0x00007ffc5bdf0000 - 0x00007ffc5be0d000 	C:\WINDOWS\system32\NLAapi.dll
0x00007ffc62bb0000 - 0x00007ffc62beb000 	C:\WINDOWS\SYSTEM32\IPHLPAPI.DLL
0x00007ffc62bf0000 - 0x00007ffc62cbc000 	C:\WINDOWS\SYSTEM32\DNSAPI.dll
0x00007ffc65550000 - 0x00007ffc65558000 	C:\WINDOWS\System32\NSI.dll
0x00007ffc5d300000 - 0x00007ffc5d312000 	C:\WINDOWS\System32\winrnr.dll
0x00007ffc55620000 - 0x00007ffc5562a000 	C:\Windows\System32\rasadhlp.dll
0x00007ffc57d00000 - 0x00007ffc57d7f000 	C:\WINDOWS\System32\fwpuclnt.dll
0x00007ffc63ad0000 - 0x00007ffc63af7000 	C:\WINDOWS\System32\bcrypt.dll
0x000000005e3f0000 - 0x000000005e401000 	C:\Program Files\Java\jdk1.8.0_191\jre\bin\nio.dll
0x00007ffc63450000 - 0x00007ffc63468000 	C:\WINDOWS\SYSTEM32\CRYPTSP.dll
0x00007ffc62860000 - 0x00007ffc62894000 	C:\WINDOWS\system32\rsaenh.dll
0x00007ffc636f0000 - 0x00007ffc6371e000 	C:\WINDOWS\SYSTEM32\USERENV.dll
0x00007ffc637f0000 - 0x00007ffc63870000 	C:\WINDOWS\System32\bcryptprimitives.dll
0x00007ffc63020000 - 0x00007ffc6302c000 	C:\WINDOWS\SYSTEM32\CRYPTBASE.dll
0x00007ffc593c0000 - 0x00007ffc593d7000 	C:\WINDOWS\SYSTEM32\dhcpcsvc6.DLL
0x00007ffc59340000 - 0x00007ffc5935d000 	C:\WINDOWS\SYSTEM32\dhcpcsvc.DLL

VM Arguments:
jvm_args: -javaagent:C:\Users\Folio9470m\AppData\Local\JetBrains\Toolbox\apps\IDEA-C\ch-0\211.6693.111\lib\idea_rt.jar=56587:C:\Users\Folio9470m\AppData\Local\JetBrains\Toolbox\apps\IDEA-C\ch-0\211.6693.111\bin -Dfile.encoding=UTF-8 
java_command: com.dp.dpshopbackend.DpshopBackendApplication
java_class_path (initial): C:\Program Files\Java\jdk1.8.0_191\jre\lib\charsets.jar;C:\Program Files\Java\jdk1.8.0_191\jre\lib\deploy.jar;C:\Program Files\Java\jdk1.8.0_191\jre\lib\ext\access-bridge-64.jar;C:\Program Files\Java\jdk1.8.0_191\jre\lib\ext\cldrdata.jar;C:\Program Files\Java\jdk1.8.0_191\jre\lib\ext\dnsns.jar;C:\Program Files\Java\jdk1.8.0_191\jre\lib\ext\jaccess.jar;C:\Program Files\Java\jdk1.8.0_191\jre\lib\ext\jfxrt.jar;C:\Program Files\Java\jdk1.8.0_191\jre\lib\ext\localedata.jar;C:\Program Files\Java\jdk1.8.0_191\jre\lib\ext\nashorn.jar;C:\Program Files\Java\jdk1.8.0_191\jre\lib\ext\sunec.jar;C:\Program Files\Java\jdk1.8.0_191\jre\lib\ext\sunjce_provider.jar;C:\Program Files\Java\jdk1.8.0_191\jre\lib\ext\sunmscapi.jar;C:\Program Files\Java\jdk1.8.0_191\jre\lib\ext\sunpkcs11.jar;C:\Program Files\Java\jdk1.8.0_191\jre\lib\ext\zipfs.jar;C:\Program Files\Java\jdk1.8.0_191\jre\lib\javaws.jar;C:\Program Files\Java\jdk1.8.0_191\jre\lib\jce.jar;C:\Program Files\Java\jdk1.8.0_191\jre\lib\jfr.jar;C:\Program Files\Java\jdk1.8.0_191\jre\lib\jfxswt.jar;C:\Program Files\Java\jdk1.8.0_191\jre\lib\jsse.jar;C:\Program Files\Java\jdk1.8.0_191\jre\lib\management-agent.jar;C:\Program Files\Java\jdk1.8.0_191\jre\lib\plugin.jar;C:\Program Files\Java\jdk1.8.0_191\jre\lib\resources.jar;C:\Program Files\Java\jdk1.8.0_191\jre\lib\rt.jar;C:\Users\Folio9470m\IdeaProjects\dpshop-backend\target\classes;C:\Users\Folio9470m\.m2\repository\org\springframework\boot\spring-boot-starter-data-jpa\2.3.2.RELEASE\spring-boot-starter-data-jpa-2.3.2.RELEASE.jar;C:\Users\Folio9470m\.m2\repository\org\springframework\boot\spring-boot-starter-aop\2.3.2.RELEASE\spring-boot-starter-aop-2.3.2.RELEASE.jar;C:\Users\Folio9470m\.m2\repository\org\springframework\spring-aop\5.2.8.RELEASE\spring-aop-5.2.8.RELEASE.jar;C:\Users\Folio9470m\.m2\repository\org\aspectj\aspectjweaver\1.9.6\aspectjweaver-1.9.6.jar;C:\Users\Folio9470m\.m2\repository\org\springframework\boot\spring-boot-starter-jdbc\2.3.2.RELEA
Launcher Type: SUN_STANDARD

Environment Variables:
JAVA_HOME=C:\Program Files\Java\jdk1.8.0_191
PATH=C:\Program Files (x86)\Common Files\Oracle\Java\javapath;C:\ProgramData\DockerDesktop\version-bin;C:\Program Files\Docker\Docker\Resources\bin;C:\WINDOWS\system32;C:\WINDOWS;C:\WINDOWS\System32\Wbem;C:\WINDOWS\System32\WindowsPowerShell\v1.0\;C:\Program Files\Git\cmd;C:\WINDOWS\System32\OpenSSH\;C:\wamp\bin\mysql\mysql5.6.12\bin;C:\Program Files\nodejs\;C:\Program Files\heroku\bin;C:\Program Files\PostgreSQL\12\bin;C:\ProgramData\ComposerSetup\bin;C:\Program Files\Microsoft VS Code\bin;C:\xampp\php;C:\xampp\mysql\bin;C:\Program Files\Java\jdk1.8.0_191\bin;C:\Program Files\apache-maven-3.6.3\bin;C:\Users\Folio9470m\AppData\Local\Microsoft\WindowsApps;C:\Users\Folio9470m\AppData\Roaming\npm;C:\Program Files\heroku\bin;C:\Program Files\PostgreSQL\12\bin;C:\xampp\php;C:\Users\Folio9470m\AppData\Roaming\Composer\vendor\bin;C:\Program Files\Java\jdk1.8.0_191\bin;C:\Program Files\apache-maven-3.6.3\bin;C:\xampp\mysql\bin;
USERNAME=Folio9470m
OS=Windows_NT
PROCESSOR_IDENTIFIER=Intel64 Family 6 Model 58 Stepping 9, GenuineIntel



---------------  S Y S T E M  ---------------

OS: Windows 10.0 , 64 bit Build 19041 (10.0.19041.928)

CPU:total 4 (initial active 4) (2 cores per cpu, 2 threads per core) family 6 model 58 stepping 9, cmov, cx8, fxsr, mmx, sse, sse2, sse3, ssse3, sse4.1, sse4.2, popcnt, avx, aes, clmul, erms, ht, tsc, tscinvbit, tscinv

Memory: 4k page, physical 8248876k(782728k free), swap 11182064k(5304k free)

vm_info: Java HotSpot(TM) 64-Bit Server VM (25.191-b12) for windows-amd64 JRE (1.8.0_191-b12), built on Oct  6 2018 09:29:03 by "java_re" with MS VC++ 10.0 (VS2010)

time: Fri May 28 23:24:54 2021
elapsed time: 179 seconds (0d 0h 2m 59s)

